\BOOKMARK [1][-]{section.1}{\376\377\000P\000r\000o\000l\000o\000g}{}% 1
\BOOKMARK [1][-]{section.2}{\376\377\000P\000r\000z\000y\000d\000a\000t\000n\000e\000\040\000r\000z\000e\000c\000z\000y\000\040\000d\000o\000\040\000w\000s\000z\000y\000s\000t\000k\000i\000e\000g\000o}{}% 2
\BOOKMARK [2][-]{subsection.2.1}{\376\377\000S\000z\000e\000r\000e\000g\000i\000\040\000h\000a\000r\000m\000o\000n\000i\000c\000z\000n\000e\000\040\000r\000\363\001\174\000n\000e\000j\000\040\000k\000r\000o\000t\000n\000o\001\133\000c\000i}{section.2}% 3
\BOOKMARK [2][-]{subsection.2.2}{\376\377\000W\000z\000\363\000r\000\040\000n\000a\000\040\000e}{section.2}% 4
\BOOKMARK [2][-]{subsection.2.3}{\376\377\000R\000e\000g\000u\001\102\000a\000\040\001\102\000a\001\104\000c\000u\000c\000h\000o\000w\000a}{section.2}% 5
\BOOKMARK [2][-]{subsection.2.4}{\376\377\000P\000r\000z\000y\000d\000a\000t\000n\000e\000\040\000g\000r\000a\000n\000i\000c\000e}{section.2}% 6
\BOOKMARK [2][-]{subsection.2.5}{\376\377\000P\000r\000z\000y\000d\000a\000t\000n\000e\000\040\000w\000z\000o\000r\000y\000\040\000n\000a\000\040\000p\000o\000c\000h\000o\000d\000n\000e}{section.2}% 7
\BOOKMARK [2][-]{subsection.2.6}{\376\377\000I\000n\000n\000e\000\040\000p\000r\000z\000y\000d\000a\000t\000n\000e\000\040\000w\001\102\000a\000s\000n\000o\001\133\000c\000i}{section.2}% 8
\BOOKMARK [1][-]{section.3}{\376\377\000K\000r\000y\000t\000e\000r\000i\000a\000\040\000o\000k\000r\000e\001\133\000l\000a\000j\001\005\000c\000e\000\040\000z\000b\000i\000e\001\174\000n\000o\001\133\001\007}{}% 9
\BOOKMARK [2][-]{subsection.3.1}{\376\377\000K\000r\000y\000t\000e\000r\000i\000u\000m\000\040\000C\000a\000u\000c\000h\000y\000'\000e\000g\000o}{section.3}% 10
\BOOKMARK [2][-]{subsection.3.2}{\376\377\000K\000r\000y\000t\000e\000r\000i\000u\000m\000\040\000d\000'\000A\000l\000e\000m\000b\000e\000r\000t\000a}{section.3}% 11
\BOOKMARK [2][-]{subsection.3.3}{\376\377\000K\000r\000y\000t\000e\000r\000i\000u\000m\000\040\000p\000o\000r\000\363\000w\000n\000a\000w\000c\000z\000e}{section.3}% 12
\BOOKMARK [2][-]{subsection.3.4}{\376\377\000K\000r\000y\000t\000e\000r\000i\000u\000m\000\040\000L\000e\000i\000b\000n\000i\000z\000a}{section.3}% 13
\BOOKMARK [1][-]{section.4}{\376\377\000S\000z\000e\000r\000e\000g\000i\000\040\000p\000o\000t\001\031\000g\000o\000w\000e}{}% 14
\BOOKMARK [2][-]{subsection.4.1}{\376\377\000K\000r\000y\000t\000e\000r\000i\000u\000m\000\040\000C\000a\000u\000c\000h\000y\000'\000e\000g\000o\000\040\000-\000\040\000H\000a\000d\000a\000m\000a\000r\000d\000a}{section.4}% 15
\BOOKMARK [2][-]{subsection.4.2}{\376\377\000K\000r\000y\000t\000e\000r\000i\000u\000m\000\040\000d\000'\000A\000l\000e\000m\000b\000e\000r\000t\000a\000\040\000\050\000s\000z\000e\000r\000e\000g\000i\000\040\000p\000o\000t\001\031\000g\000o\000w\000e\000\051}{section.4}% 16
\BOOKMARK [1][-]{section.5}{\376\377\000R\000o\000z\000w\000i\000j\000a\000n\000i\000e\000\040\000f\000u\000n\000k\000c\000j\000i\000\040\000w\000\040\000s\000z\000e\000r\000e\000g}{}% 17
\BOOKMARK [2][-]{subsection.5.1}{\376\377\000F\000u\000n\000k\000c\000j\000a\000\040\000z\000\040\000k\000r\000e\000s\000k\001\005\000\040\000u\001\102\000a\000m\000k\000o\000w\001\005}{section.5}% 18
\BOOKMARK [2][-]{subsection.5.2}{\376\377\000F\000u\000n\000k\000c\000j\000a\000\040\000z\000\040\000l\000o\000g\000a\000r\000y\000t\000m\000e\000n\000\040\000n\000a\000t\000u\000r\000a\000l\000n\000y\000m}{section.5}% 19
\BOOKMARK [2][-]{subsection.5.3}{\376\377\000I\000n\000n\000e\000\040\000f\000u\000n\000k\000c\000j\000e}{section.5}% 20
\BOOKMARK [1][-]{section.6}{\376\377\000F\000u\000n\000k\000c\000j\000e\000\040\0002\000\040\000z\000m\000i\000e\000n\000n\000y\000c\000h}{}% 21
\BOOKMARK [2][-]{subsection.6.1}{\376\377\000Z\000n\000a\000j\000d\000o\000w\000a\000n\000i\000e\000\040\000g\000r\000a\000n\000i\000c\000y\000\040\000\050\000s\000p\000o\000s\000\363\000b\000\040\000z\000\040\000t\000\051}{section.6}% 22
\BOOKMARK [2][-]{subsection.6.2}{\376\377\000P\000o\000k\000a\000z\000y\000w\000a\000n\000i\000e\000,\000\040\001\174\000e\000\040\000g\000r\000a\000n\000i\000c\000a\000\040\000n\000i\000e\000\040\000i\000s\000t\000n\000i\000e\000j\000e}{section.6}% 23
\BOOKMARK [2][-]{subsection.6.3}{\376\377\000O\000b\000l\000i\000c\000z\000a\000n\000i\000e\000\040\000w\000a\000r\000t\000o\001\133\000c\000i\000\040\000p\000r\000z\000y\000b\000l\000i\001\174\000o\000n\000e\000j}{section.6}% 24
\BOOKMARK [2][-]{subsection.6.4}{\376\377\000W\000y\000z\000n\000a\000c\000z\000a\000n\000i\000e\000\040\000e\000k\000s\000t\000r\000e\000m\000\363\000w}{section.6}% 25
\BOOKMARK [1][-]{section.7}{\376\377\000K\000a\000r\000t\000k\000\363\000w\000k\000a\000\040\000n\000r\000\040\0001}{}% 26
\BOOKMARK [2][-]{subsection.7.1}{\376\377\000K\000a\000r\000t\000k\000\363\000w\000k\000a\000\040\000w\000r\000a\000z\000\040\000z\000\040\000d\000o\000k\001\102\000a\000d\000n\000y\000m\000\040\000o\000m\000\363\000w\000i\000e\000n\000i\000e\000m}{section.7}% 27
\BOOKMARK [3][-]{subsubsection.7.1.1}{\376\377\000Z\000a\000d\000a\000n\000i\000e\000\040\0001}{subsection.7.1}% 28
\BOOKMARK [3][-]{subsubsection.7.1.2}{\376\377\000Z\000a\000d\000a\000n\000i\000e\000\040\0002}{subsection.7.1}% 29
\BOOKMARK [3][-]{subsubsection.7.1.3}{\376\377\000Z\000a\000d\000a\000n\000i\000e\000\040\0001\000\040\000\050\000r\000o\000z\000w\000i\001\005\000z\000a\000n\000i\000e\000\051}{subsection.7.1}% 30
\BOOKMARK [3][-]{subsubsection.7.1.4}{\376\377\000Z\000a\000d\000a\000n\000i\000e\000\040\0002\000\040\000\050\000r\000o\000z\000w\000i\001\005\000z\000a\000n\000i\000e\000\051}{subsection.7.1}% 31
\BOOKMARK [2][-]{subsection.7.2}{\376\377\000K\000a\000r\000t\000k\000\363\000w\000k\000a\000\040\000g\000r\000.\000\040\000A}{section.7}% 32
\BOOKMARK [3][-]{subsubsection.7.2.1}{\376\377\000Z\000a\000d\000a\000n\000i\000e\000\040\0001}{subsection.7.2}% 33
\BOOKMARK [3][-]{subsubsection.7.2.2}{\376\377\000Z\000a\000d\000a\000n\000i\000e\000\040\0002}{subsection.7.2}% 34
\BOOKMARK [3][-]{subsubsection.7.2.3}{\376\377\000Z\000a\000d\000a\000n\000i\000e\000\040\0001\000\040\000\050\000o\000d\000p\000\051}{subsection.7.2}% 35
\BOOKMARK [3][-]{subsubsection.7.2.4}{\376\377\000Z\000a\000d\000a\000n\000i\000e\000\040\0002\000\040\000\050\000o\000d\000p\000\051}{subsection.7.2}% 36
\BOOKMARK [2][-]{subsection.7.3}{\376\377\000K\000a\000r\000t\000k\000\363\000w\000k\000a\000\040\000g\000r\000.\000\040\000B}{section.7}% 37
\BOOKMARK [3][-]{subsubsection.7.3.1}{\376\377\000Z\000a\000d\000a\000n\000i\000e\000\040\0001}{subsection.7.3}% 38
\BOOKMARK [3][-]{subsubsection.7.3.2}{\376\377\000Z\000a\000d\000a\000n\000i\000e\000\040\0002}{subsection.7.3}% 39
\BOOKMARK [3][-]{subsubsection.7.3.3}{\376\377\000Z\000a\000d\000a\000n\000i\000e\000\040\0001\000\040\000\050\000o\000d\000p\000\051}{subsection.7.3}% 40
\BOOKMARK [3][-]{subsubsection.7.3.4}{\376\377\000Z\000a\000d\000a\000n\000i\000e\000\040\0002\000\040\000\050\000o\000d\000p\000\051}{subsection.7.3}% 41
\BOOKMARK [2][-]{subsection.7.4}{\376\377\000K\000a\000r\000t\000k\000\363\000w\000k\000a\000\040\000g\000r\000.\000\040\000A\000\040\000a\000l\000e\000\040\000i\000n\000n\000a}{section.7}% 42
\BOOKMARK [3][-]{subsubsection.7.4.1}{\376\377\000Z\000a\000d\000a\000n\000i\000e\000\040\0001}{subsection.7.4}% 43
\BOOKMARK [3][-]{subsubsection.7.4.2}{\376\377\000Z\000a\000d\000a\000n\000i\000e\000\040\0002}{subsection.7.4}% 44
\BOOKMARK [3][-]{subsubsection.7.4.3}{\376\377\000Z\000a\000d\000a\000n\000i\000e\000\040\0001\000\040\000\050\000o\000d\000p\000\051}{subsection.7.4}% 45
\BOOKMARK [3][-]{subsubsection.7.4.4}{\376\377\000Z\000a\000d\000a\000n\000i\000e\000\040\0002\000\040\000\050\000o\000d\000p\000\051}{subsection.7.4}% 46
\BOOKMARK [2][-]{subsection.7.5}{\376\377\000U\000W\000A\000G\000A\000\040\000d\000o\000\040\000o\000d\000p\000o\000w\000i\000e\000d\000z\000i}{section.7}% 47
